Android/BottomSheet/Demo/SDK_Demo/app/build/outputs/logs/manifest-merger-debug-report.txt
-- Merging decision tree log ---
manifest
ADDED from src\main\AndroidManifest.xml:2:1-113:12
	package
		ADDED from src\main\AndroidManifest.xml:3:5-38
		INJECTED from src\main\AndroidManifest.xml
		INJECTED from src\main\AndroidManifest.xml
	android:versionName
		ADDED from src\main\AndroidManifest.xml:5:5-30
		INJECTED from src\main\AndroidManifest.xml
		INJECTED from src\main\AndroidManifest.xml
	android:versionCode
		ADDED from src\main\AndroidManifest.xml:4:5-28
		INJECTED from src\main\AndroidManifest.xml
		INJECTED from src\main\AndroidManifest.xml
	xmlns:android
		ADDED from src\main\AndroidManifest.xml:2:11-69
uses-sdk
ADDED from src\main\AndroidManifest.xml:7:5-9:41
	android:targetSdkVersion
		ADDED from src\main\AndroidManifest.xml:9:9-38
		INJECTED from src\main\AndroidManifest.xml
		INJECTED from src\main\AndroidManifest.xml
	android:minSdkVersion
		ADDED from src\main\AndroidManifest.xml:8:9-34
		INJECTED from src\main\AndroidManifest.xml
		INJECTED from src\main\AndroidManifest.xml
uses-permission#android.permission.INTERNET
ADDED from src\main\AndroidManifest.xml:13:2-64
	android:name
		ADDED from src\main\AndroidManifest.xml:13:19-61
uses-permission#android.permission.ACCESS_NETWORK_STATE
ADDED from src\main\AndroidManifest.xml:15:2-76
	android:name
		ADDED from src\main\AndroidManifest.xml:15:19-73
uses-permission#android.permission.ACCESS_WIFI_STATE
ADDED from src\main\AndroidManifest.xml:17:2-73
	android:name
		ADDED from src\main\AndroidManifest.xml:17:19-70
uses-permission#android.permission.WAKE_LOCK
ADDED from src\main\AndroidManifest.xml:19:2-65
	android:name
		ADDED from src\main\AndroidManifest.xml:19:19-62
uses-permission#android.permission.WRITE_EXTERNAL_STORAGE
ADDED from src\main\AndroidManifest.xml:21:2-78
	android:name
		ADDED from src\main\AndroidManifest.xml:21:19-75
uses-permission#android.permission.READ_PHONE_STATE
ADDED from src\main\AndroidManifest.xml:24:2-72
	android:name
		ADDED from src\main\AndroidManifest.xml:24:19-69
uses-permission#android.permission.RECEIVE_USER_PRESENT
ADDED from src\main\AndroidManifest.xml:26:5-79
	android:name
		ADDED from src\main\AndroidManifest.xml:26:22-76
uses-permission#android.permission.RECEIVE_BOOT_COMPLETED
ADDED from src\main\AndroidManifest.xml:28:5-81
	android:name
		ADDED from src\main\AndroidManifest.xml:28:22-78
uses-permission#android.permission.VIBRATE
ADDED from src\main\AndroidManifest.xml:30:5-66
	android:name
		ADDED from src\main\AndroidManifest.xml:30:22-63
application
ADDED from src\main\AndroidManifest.xml:38:5-111:19
	android:label
		ADDED from src\main\AndroidManifest.xml:42:9-41
	android:allowBackup
		ADDED from src\main\AndroidManifest.xml:40:9-35
	android:icon
		ADDED from src\main\AndroidManifest.xml:41:9-45
	android:theme
		ADDED from src\main\AndroidManifest.xml:43:9-40
	android:name
		ADDED from src\main\AndroidManifest.xml:39:9-40
activity#com.example.bmobexample.MainActivity
ADDED from src\main\AndroidManifest.xml:44:9-52:20
	android:label
		ADDED from src\main\AndroidManifest.xml:46:13-45
	android:name
		ADDED from src\main\AndroidManifest.xml:45:13-41
intent-filter#android.intent.action.MAIN+android.intent.category.LAUNCHER
ADDED from src\main\AndroidManifest.xml:47:13-51:29
action#android.intent.action.MAIN
ADDED from src\main\AndroidManifest.xml:48:17-69
	android:name
		ADDED from src\main\AndroidManifest.xml:48:25-66
category#android.intent.category.LAUNCHER
ADDED from src\main\AndroidManifest.xml:50:17-77
	android:name
		ADDED from src\main\AndroidManifest.xml:50:27-74
activity#com.example.bmobexample.crud.CRUDActivity
ADDED from src\main\AndroidManifest.xml:53:9-55
	android:name
		ADDED from src\main\AndroidManifest.xml:53:19-52
activity#com.example.bmobexample.crud.QueryActivity
ADDED from src\main\AndroidManifest.xml:54:9-56
	android:name
		ADDED from src\main\AndroidManifest.xml:54:19-53
activity#com.example.bmobexample.crud.QueryStatisticActivity
ADDED from src\main\AndroidManifest.xml:55:9-65
	android:name
		ADDED from src\main\AndroidManifest.xml:55:19-62
activity#com.example.bmobexample.crud.QuerySQLActivity
ADDED from src\main\AndroidManifest.xml:56:9-59
	android:name
		ADDED from src\main\AndroidManifest.xml:56:19-56
activity#com.example.bmobexample.user.UserActivity
ADDED from src\main\AndroidManifest.xml:57:9-55
	android:name
		ADDED from src\main\AndroidManifest.xml:57:19-52
activity#com.example.bmobexample.BatchActionActivity
ADDED from src\main\AndroidManifest.xml:58:9-57
	android:name
		ADDED from src\main\AndroidManifest.xml:58:19-54
activity#com.example.bmobexample.location.LocationActivity
ADDED from src\main\AndroidManifest.xml:59:9-63
	android:name
		ADDED from src\main\AndroidManifest.xml:59:19-60
activity#com.example.bmobexample.acl.ACLActivity
ADDED from src\main\AndroidManifest.xml:60:9-53
	android:name
		ADDED from src\main\AndroidManifest.xml:60:19-50
activity#com.example.bmobexample.relation.WeiboListActivity
ADDED from src\main\AndroidManifest.xml:61:9-64:20
	android:windowSoftInputMode
		ADDED from src\main\AndroidManifest.xml:63:13-54
	android:name
		ADDED from src\main\AndroidManifest.xml:62:13-55
activity#com.example.bmobexample.relation.CommentListActivity
ADDED from src\main\AndroidManifest.xml:65:9-68:20
	android:windowSoftInputMode
		ADDED from src\main\AndroidManifest.xml:67:13-54
	android:name
		ADDED from src\main\AndroidManifest.xml:66:13-57
activity#com.example.bmobexample.push.ActBmobPush
ADDED from src\main\AndroidManifest.xml:69:9-54
	android:name
		ADDED from src\main\AndroidManifest.xml:69:19-51
activity#com.example.bmobexample.file.BmobFileActivity
ADDED from src\main\AndroidManifest.xml:70:9-59
	android:name
		ADDED from src\main\AndroidManifest.xml:70:19-56
activity#com.example.bmobexample.autoupdate.ActAutoUpdate
ADDED from src\main\AndroidManifest.xml:71:9-62
	android:name
		ADDED from src\main\AndroidManifest.xml:71:19-59
activity#com.example.bmobexample.newfile.LocalThumbnailActivity
ADDED from src\main\AndroidManifest.xml:72:9-68
	android:name
		ADDED from src\main\AndroidManifest.xml:72:19-65
activity#com.example.bmobexample.newfile.NewBmobFileActivity
ADDED from src\main\AndroidManifest.xml:73:9-65
	android:name
		ADDED from src\main\AndroidManifest.xml:73:19-62
activity#com.example.bmobexample.sms.SMSCodeActivity
ADDED from src\main\AndroidManifest.xml:74:9-57
	android:name
		ADDED from src\main\AndroidManifest.xml:74:19-54
service#cn.bmob.push.lib.service.PushService
ADDED from src\main\AndroidManifest.xml:77:9-85:19
	android:process
		ADDED from src\main\AndroidManifest.xml:81:13-40
	android:label
		ADDED from src\main\AndroidManifest.xml:78:13-40
	android:exported
		ADDED from src\main\AndroidManifest.xml:80:13-36
	android:name
		ADDED from src\main\AndroidManifest.xml:79:13-64
intent-filter#cn.bmob.push.lib.service.PushService
ADDED from src\main\AndroidManifest.xml:82:13-84:29
action#cn.bmob.push.lib.service.PushService
ADDED from src\main\AndroidManifest.xml:83:17-79
	android:name
		ADDED from src\main\AndroidManifest.xml:83:25-76
receiver#cn.bmob.push.PushReceiver
ADDED from src\main\AndroidManifest.xml:86:9-95:20
	android:process
		ADDED from src\main\AndroidManifest.xml:86:60-87
	android:name
		ADDED from src\main\AndroidManifest.xml:86:19-59
intent-filter#android.intent.action.BOOT_COMPLETED+android.intent.action.USER_PRESENT+android.net.conn.CONNECTIVITY_CHANGE
ADDED from src\main\AndroidManifest.xml:87:13-94:29
action#android.intent.action.BOOT_COMPLETED
ADDED from src\main\AndroidManifest.xml:89:17-79
	android:name
		ADDED from src\main\AndroidManifest.xml:89:25-76
action#android.intent.action.USER_PRESENT
ADDED from src\main\AndroidManifest.xml:91:17-77
	android:name
		ADDED from src\main\AndroidManifest.xml:91:25-74
action#android.net.conn.CONNECTIVITY_CHANGE
ADDED from src\main\AndroidManifest.xml:93:17-79
	android:name
		ADDED from src\main\AndroidManifest.xml:93:25-76
receiver#com.example.bmobexample.push.MyMessageReceiver
ADDED from src\main\AndroidManifest.xml:96:9-100:20
	android:name
		ADDED from src\main\AndroidManifest.xml:96:19-57
intent-filter#cn.bmob.push.action.MESSAGE
ADDED from src\main\AndroidManifest.xml:97:13-99:29
action#cn.bmob.push.action.MESSAGE
ADDED from src\main\AndroidManifest.xml:98:17-70
	android:name
		ADDED from src\main\AndroidManifest.xml:98:25-67
meta-data#BMOB_CHANNEL
ADDED from src\main\AndroidManifest.xml:105:3-64
	android:value
		ADDED from src\main\AndroidManifest.xml:105:14-34
	android:name
		ADDED from src\main\AndroidManifest.xml:105:35-62
activity#cn.bmob.v3.update.UpdateDialogActivity
ADDED from src\main\AndroidManifest.xml:106:9-109:20
	android:theme
		ADDED from src\main\AndroidManifest.xml:108:13-72
	android:name
		ADDED from src\main\AndroidManifest.xml:107:13-66